[00:59:50] [ServerMain/INFO]: Environment: Environment[sessionHost=https://sessionserver.mojang.com, servicesHost=https://api.minecraftservices.com, name=PROD]
[00:59:52] [ServerMain/INFO]: Loaded 1290 recipes
[00:59:52] [ServerMain/INFO]: Loaded 1399 advancements
[00:59:53] [Server thread/INFO]: Starting minecraft server version 1.21.1
[00:59:53] [Server thread/INFO]: Loading properties
[00:59:53] [Server thread/INFO]: Default game type: SURVIVAL
[00:59:53] [Server thread/INFO]: Generating keypair
[00:59:53] [Server thread/INFO]: Starting Minecraft server on *:25565
[00:59:53] [Server thread/INFO]: Using epoll channel type
[00:59:53] [Server thread/WARN]: **** SERVER IS RUNNING IN OFFLINE/INSECURE MODE!
[00:59:53] [Server thread/WARN]: The server will make no attempt to authenticate usernames. Beware.
[00:59:53] [Server thread/WARN]: While this makes the game possible to play without internet access, it also opens up the ability for hackers to connect with any username they choose.
[00:59:53] [Server thread/WARN]: To change this, set "online-mode" to "true" in the server.properties file.
[00:59:53] [Server thread/INFO]: Preparing level "world"
[00:59:57] [Server thread/INFO]: Preparing start region for dimension minecraft:overworld
[00:59:57] [Worker-Main-1/INFO]: Preparing spawn area: 0%
[00:59:58] [Server thread/INFO]: Time elapsed: 459 ms
[00:59:58] [Server thread/INFO]: Done (4.519s)! For help, type "help"
[01:00:02] [Server thread/INFO]: Tigre_Severo[/127.199.54.170:54541] logged in with entity id 10 at (1718.4764332038915, 70.84375002384186, -654.5956711719568)
[01:00:02] [Server thread/INFO]: Tigre_Severo joined the game
[01:01:53] [Server thread/WARN]: Horse (vehicle of Tigre_Severo) moved wrongly! 0.352041702054521
[01:01:53] [Server thread/WARN]: Horse (vehicle of Tigre_Severo) moved wrongly! 0.7208473817051981
[01:06:08] [Server thread/WARN]: Horse (vehicle of Tigre_Severo) moved wrongly! 0.2828239545845008
[01:06:08] [Server thread/WARN]: Horse (vehicle of Tigre_Severo) moved wrongly! 0.5781523368157266
[01:06:08] [Server thread/WARN]: Horse (vehicle of Tigre_Severo) moved wrongly! 0.8797795053036594
[01:27:48] [Server thread/INFO]: Tigre_Severo lost connection: Disconnected
[01:27:48] [Server thread/INFO]: Tigre_Severo left the game
[01:28:01] [Server thread/INFO]: Stopping the server
[01:28:01] [Server thread/INFO]: Stopping server
[01:28:01] [Server thread/INFO]: Saving players
[01:28:01] [Server thread/INFO]: Saving worlds
[01:28:01] [Server thread/INFO]: Saving chunks for level 'ServerLevel[world]'/minecraft:overworld
[01:28:01] [Server thread/INFO]: Saving chunks for level 'ServerLevel[world]'/minecraft:the_end
[01:28:01] [Server thread/INFO]: Saving chunks for level 'ServerLevel[world]'/minecraft:the_nether
[01:28:01] [Server thread/INFO]: ThreadedAnvilChunkStorage (world): All chunks are saved
[01:28:01] [Server thread/INFO]: ThreadedAnvilChunkStorage (DIM1): All chunks are saved
[01:28:01] [Server thread/INFO]: ThreadedAnvilChunkStorage (DIM-1): All chunks are saved
[01:28:01] [Server thread/INFO]: ThreadedAnvilChunkStorage: All dimensions are saved
